<?xml version="1.0" encoding="UTF-8"?>
<!-- Generated by org.testng.reporters.JUnitReportReporter -->
<testsuite hostname="hemants-MacBook-Pro.local" failures="0" tests="1" name="com.example.selenium.AppTest" time="0.001" errors="0" timestamp="2025-04-18T20:16:21 IST" skipped="0">
  <testcase classname="com.example.selenium.AppTest" name="testExample" time="0.001"/>
  <system-out/>
</testsuite> <!-- com.example.selenium.AppTest -->
